<?xml version="1.0" encoding="UTF-8"?>
<robot generator="Robot 6.1.1 (Python 3.11.4 on win32)" generated="20230812 03:02:37.828" rpa="false" schemaversion="4">
<suite id="s1" name="Learning-Robot-Appium-Android" source="E:\Arfan\WORK\learning\Learning-Robot-Appium-Android">
<suite id="s1-s1" name="Step" source="E:\Arfan\WORK\learning\Learning-Robot-Appium-Android\Step">
<suite id="s1-s1-s1" name="appDietStep" source="E:\Arfan\WORK\learning\Learning-Robot-Appium-Android\Step\appDietStep.robot">
<kw name="Start Session Apps" library="appDietPages" type="SETUP">
<kw name="Set Appium Timeout" library="AppiumLibrary">
<arg>10</arg>
<doc>Sets the timeout in seconds used by various keywords.</doc>
<status status="PASS" starttime="20230812 03:02:38.013" endtime="20230812 03:02:38.013"/>
</kw>
<kw name="Open Application" library="AppiumLibrary">
<arg>http://127.0.0.1:4723</arg>
<arg>automationName=UIAutomator2</arg>
<arg>platformName=Android</arg>
<arg>deviceName=Realme 5 Pro</arg>
<arg>appPackage=com.fghilmany.dietmealapp</arg>
<arg>appActivity=.ui.main.MainActivity</arg>
<arg>autoGrantPermissions=true</arg>
<arg>noReset=true</arg>
<doc>Opens a new application to given Appium server.
Capabilities of appium server, Android and iOS,
Please check https://github.com/appium/appium/blob/master/docs/en/writing-running-appium/server-args.md
| *Option*            | *Man.* | *Description*     |
| remote_url          | Yes    | Appium server url |
| alias               | no     | alias             |
| strict_ssl          | No     | allows you to send commands to an invalid certificate host like a self-signed one. |</doc>
<status status="PASS" starttime="20230812 03:02:38.013" endtime="20230812 03:02:45.336"/>
</kw>
<kw name="Sleep" library="BuiltIn">
<arg>3</arg>
<doc>Pauses the test executed for the given time.</doc>
<msg timestamp="20230812 03:02:48.337" level="INFO">Slept 3 seconds</msg>
<status status="PASS" starttime="20230812 03:02:45.336" endtime="20230812 03:02:48.337"/>
</kw>
<status status="PASS" starttime="20230812 03:02:38.012" endtime="20230812 03:02:48.337"/>
</kw>
<test id="s1-s1-s1-t1" name="As a user i want to open Diet Apps" line="20">
<kw name="User Input Welcome Data">
<arg>Arfan</arg>
<arg>70</arg>
<arg>170</arg>
<kw name="Input Text" library="AppiumLibrary">
<arg>${homePageNameField}</arg>
<arg>${username}</arg>
<doc>Types the given `text` into text field identified by `locator`.</doc>
<msg timestamp="20230812 03:02:48.340" level="INFO">Typing text 'Arfan' into text field 'id=com.fghilmany.dietmealapp:id/et_name'</msg>
<msg timestamp="20230812 03:02:50.687" level="INFO">criteria is com.fghilmany.dietmealapp:id/et_name</msg>
<status status="PASS" starttime="20230812 03:02:48.339" endtime="20230812 03:02:50.687"/>
</kw>
<kw name="Input Text" library="AppiumLibrary">
<arg>${homePageWeightField}</arg>
<arg>${weight}</arg>
<doc>Types the given `text` into text field identified by `locator`.</doc>
<msg timestamp="20230812 03:02:50.689" level="INFO">Typing text '70' into text field 'id=com.fghilmany.dietmealapp:id/et_weight'</msg>
<msg timestamp="20230812 03:02:51.895" level="INFO">criteria is com.fghilmany.dietmealapp:id/et_weight</msg>
<status status="PASS" starttime="20230812 03:02:50.688" endtime="20230812 03:02:51.895"/>
</kw>
<kw name="Input Text" library="AppiumLibrary">
<arg>${homePageHeightField}</arg>
<arg>${height}</arg>
<doc>Types the given `text` into text field identified by `locator`.</doc>
<msg timestamp="20230812 03:02:51.897" level="INFO">Typing text '170' into text field 'id=com.fghilmany.dietmealapp:id/et_height'</msg>
<msg timestamp="20230812 03:02:53.398" level="INFO">criteria is com.fghilmany.dietmealapp:id/et_height</msg>
<status status="PASS" starttime="20230812 03:02:51.896" endtime="20230812 03:02:53.398"/>
</kw>
<kw name="Tap" library="AppiumLibrary">
<arg>${homePageGenderMaleButton}</arg>
<doc>*DEPRECATED!!* Since selenium v4, use `Tap With Positions` keyword.</doc>
<msg timestamp="20230812 03:02:53.399" level="WARN">Keyword 'AppiumLibrary.Tap' is deprecated. Since selenium v4, use `Tap With Positions` keyword.</msg>
<msg timestamp="20230812 03:02:54.258" level="INFO">criteria is com.fghilmany.dietmealapp:id/rb_male</msg>
<status status="PASS" starttime="20230812 03:02:53.398" endtime="20230812 03:02:54.258"/>
</kw>
<status status="PASS" starttime="20230812 03:02:48.339" endtime="20230812 03:02:54.258"/>
</kw>
<status status="PASS" starttime="20230812 03:02:48.337" endtime="20230812 03:02:54.259"/>
</test>
<test id="s1-s1-s1-t2" name="As a user i want to open Diet Apps" line="20">
<kw name="User Input Welcome Data">
<arg>Diko</arg>
<arg>68</arg>
<arg>175</arg>
<kw name="Input Text" library="AppiumLibrary">
<arg>${homePageNameField}</arg>
<arg>${username}</arg>
<doc>Types the given `text` into text field identified by `locator`.</doc>
<msg timestamp="20230812 03:02:54.267" level="INFO">Typing text 'Diko' into text field 'id=com.fghilmany.dietmealapp:id/et_name'</msg>
<msg timestamp="20230812 03:02:55.533" level="INFO">criteria is com.fghilmany.dietmealapp:id/et_name</msg>
<status status="PASS" starttime="20230812 03:02:54.265" endtime="20230812 03:02:55.533"/>
</kw>
<kw name="Input Text" library="AppiumLibrary">
<arg>${homePageWeightField}</arg>
<arg>${weight}</arg>
<doc>Types the given `text` into text field identified by `locator`.</doc>
<msg timestamp="20230812 03:02:55.535" level="INFO">Typing text '68' into text field 'id=com.fghilmany.dietmealapp:id/et_weight'</msg>
<msg timestamp="20230812 03:02:57.391" level="INFO">criteria is com.fghilmany.dietmealapp:id/et_weight</msg>
<status status="PASS" starttime="20230812 03:02:55.533" endtime="20230812 03:02:57.391"/>
</kw>
<kw name="Input Text" library="AppiumLibrary">
<arg>${homePageHeightField}</arg>
<arg>${height}</arg>
<doc>Types the given `text` into text field identified by `locator`.</doc>
<msg timestamp="20230812 03:02:57.393" level="INFO">Typing text '175' into text field 'id=com.fghilmany.dietmealapp:id/et_height'</msg>
<msg timestamp="20230812 03:02:58.782" level="INFO">criteria is com.fghilmany.dietmealapp:id/et_height</msg>
<status status="PASS" starttime="20230812 03:02:57.391" endtime="20230812 03:02:58.783"/>
</kw>
<kw name="Tap" library="AppiumLibrary">
<arg>${homePageGenderMaleButton}</arg>
<doc>*DEPRECATED!!* Since selenium v4, use `Tap With Positions` keyword.</doc>
<msg timestamp="20230812 03:02:58.783" level="WARN">Keyword 'AppiumLibrary.Tap' is deprecated. Since selenium v4, use `Tap With Positions` keyword.</msg>
<msg timestamp="20230812 03:03:00.179" level="INFO">criteria is com.fghilmany.dietmealapp:id/rb_male</msg>
<status status="PASS" starttime="20230812 03:02:58.783" endtime="20230812 03:03:00.179"/>
</kw>
<status status="PASS" starttime="20230812 03:02:54.264" endtime="20230812 03:03:00.179"/>
</kw>
<status status="PASS" starttime="20230812 03:02:54.262" endtime="20230812 03:03:00.180"/>
</test>
<test id="s1-s1-s1-t3" name="As a user i want to open Diet Apps" line="20">
<kw name="User Input Welcome Data">
<arg>Fathir</arg>
<arg>95</arg>
<arg>187</arg>
<kw name="Input Text" library="AppiumLibrary">
<arg>${homePageNameField}</arg>
<arg>${username}</arg>
<doc>Types the given `text` into text field identified by `locator`.</doc>
<msg timestamp="20230812 03:03:00.185" level="INFO">Typing text 'Fathir' into text field 'id=com.fghilmany.dietmealapp:id/et_name'</msg>
<msg timestamp="20230812 03:03:01.384" level="INFO">criteria is com.fghilmany.dietmealapp:id/et_name</msg>
<status status="PASS" starttime="20230812 03:03:00.184" endtime="20230812 03:03:01.384"/>
</kw>
<kw name="Input Text" library="AppiumLibrary">
<arg>${homePageWeightField}</arg>
<arg>${weight}</arg>
<doc>Types the given `text` into text field identified by `locator`.</doc>
<msg timestamp="20230812 03:03:01.385" level="INFO">Typing text '95' into text field 'id=com.fghilmany.dietmealapp:id/et_weight'</msg>
<msg timestamp="20230812 03:03:02.624" level="INFO">criteria is com.fghilmany.dietmealapp:id/et_weight</msg>
<status status="PASS" starttime="20230812 03:03:01.384" endtime="20230812 03:03:02.624"/>
</kw>
<kw name="Input Text" library="AppiumLibrary">
<arg>${homePageHeightField}</arg>
<arg>${height}</arg>
<doc>Types the given `text` into text field identified by `locator`.</doc>
<msg timestamp="20230812 03:03:02.626" level="INFO">Typing text '187' into text field 'id=com.fghilmany.dietmealapp:id/et_height'</msg>
<msg timestamp="20230812 03:03:03.969" level="INFO">criteria is com.fghilmany.dietmealapp:id/et_height</msg>
<status status="PASS" starttime="20230812 03:03:02.624" endtime="20230812 03:03:03.969"/>
</kw>
<kw name="Tap" library="AppiumLibrary">
<arg>${homePageGenderMaleButton}</arg>
<doc>*DEPRECATED!!* Since selenium v4, use `Tap With Positions` keyword.</doc>
<msg timestamp="20230812 03:03:03.970" level="WARN">Keyword 'AppiumLibrary.Tap' is deprecated. Since selenium v4, use `Tap With Positions` keyword.</msg>
<msg timestamp="20230812 03:03:05.337" level="INFO">criteria is com.fghilmany.dietmealapp:id/rb_male</msg>
<status status="PASS" starttime="20230812 03:03:03.969" endtime="20230812 03:03:05.337"/>
</kw>
<status status="PASS" starttime="20230812 03:03:00.183" endtime="20230812 03:03:05.337"/>
</kw>
<status status="PASS" starttime="20230812 03:03:00.182" endtime="20230812 03:03:05.338"/>
</test>
<test id="s1-s1-s1-t4" name="As a user i want to open Diet Apps" line="20">
<kw name="User Input Welcome Data">
<arg>Ahda</arg>
<arg>72</arg>
<arg>173</arg>
<kw name="Input Text" library="AppiumLibrary">
<arg>${homePageNameField}</arg>
<arg>${username}</arg>
<doc>Types the given `text` into text field identified by `locator`.</doc>
<msg timestamp="20230812 03:03:05.343" level="INFO">Typing text 'Ahda' into text field 'id=com.fghilmany.dietmealapp:id/et_name'</msg>
<msg timestamp="20230812 03:03:06.033" level="INFO">criteria is com.fghilmany.dietmealapp:id/et_name</msg>
<status status="PASS" starttime="20230812 03:03:05.342" endtime="20230812 03:03:06.033"/>
</kw>
<kw name="Input Text" library="AppiumLibrary">
<arg>${homePageWeightField}</arg>
<arg>${weight}</arg>
<doc>Types the given `text` into text field identified by `locator`.</doc>
<msg timestamp="20230812 03:03:06.034" level="INFO">Typing text '72' into text field 'id=com.fghilmany.dietmealapp:id/et_weight'</msg>
<msg timestamp="20230812 03:03:07.275" level="INFO">criteria is com.fghilmany.dietmealapp:id/et_weight</msg>
<status status="PASS" starttime="20230812 03:03:06.033" endtime="20230812 03:03:07.275"/>
</kw>
<kw name="Input Text" library="AppiumLibrary">
<arg>${homePageHeightField}</arg>
<arg>${height}</arg>
<doc>Types the given `text` into text field identified by `locator`.</doc>
<msg timestamp="20230812 03:03:07.277" level="INFO">Typing text '173' into text field 'id=com.fghilmany.dietmealapp:id/et_height'</msg>
<msg timestamp="20230812 03:03:08.633" level="INFO">criteria is com.fghilmany.dietmealapp:id/et_height</msg>
<status status="PASS" starttime="20230812 03:03:07.275" endtime="20230812 03:03:08.634"/>
</kw>
<kw name="Tap" library="AppiumLibrary">
<arg>${homePageGenderMaleButton}</arg>
<doc>*DEPRECATED!!* Since selenium v4, use `Tap With Positions` keyword.</doc>
<msg timestamp="20230812 03:03:08.634" level="WARN">Keyword 'AppiumLibrary.Tap' is deprecated. Since selenium v4, use `Tap With Positions` keyword.</msg>
<msg timestamp="20230812 03:03:09.595" level="INFO">criteria is com.fghilmany.dietmealapp:id/rb_male</msg>
<status status="PASS" starttime="20230812 03:03:08.634" endtime="20230812 03:03:09.595"/>
</kw>
<status status="PASS" starttime="20230812 03:03:05.341" endtime="20230812 03:03:09.595"/>
</kw>
<status status="PASS" starttime="20230812 03:03:05.340" endtime="20230812 03:03:09.596"/>
</test>
<kw name="Close Apps" library="appDietPages" type="TEARDOWN">
<kw name="Capture Page Screenshot" library="AppiumLibrary">
<arg>../Step/screenshotDiet.png</arg>
<doc>Takes a screenshot of the current page and embeds it into the log.</doc>
<msg timestamp="20230812 03:03:10.150" level="INFO" html="true">&lt;/td&gt;&lt;/tr&gt;&lt;tr&gt;&lt;td colspan="3"&gt;&lt;a href="../Step/screenshotDiet.png"&gt;&lt;img src="../Step/screenshotDiet.png" width="800px"&gt;&lt;/a&gt;</msg>
<status status="PASS" starttime="20230812 03:03:09.597" endtime="20230812 03:03:10.150"/>
</kw>
<kw name="Quit Application" library="AppiumLibrary">
<doc>*DEPRECATED!!* in selenium v4, check `Close Application` keyword.</doc>
<msg timestamp="20230812 03:03:10.151" level="WARN">Keyword 'AppiumLibrary.Quit Application' is deprecated. in selenium v4, check `Close Application` keyword.</msg>
<status status="PASS" starttime="20230812 03:03:10.150" endtime="20230812 03:03:10.368"/>
</kw>
<status status="PASS" starttime="20230812 03:03:09.597" endtime="20230812 03:03:10.368"/>
</kw>
<status status="PASS" starttime="20230812 03:02:37.855" endtime="20230812 03:03:10.368"/>
</suite>
<status status="PASS" starttime="20230812 03:02:37.852" endtime="20230812 03:03:10.371"/>
</suite>
<status status="PASS" starttime="20230812 03:02:37.832" endtime="20230812 03:03:10.372"/>
</suite>
<statistics>
<total>
<stat pass="4" fail="0" skip="0">All Tests</stat>
</total>
<tag>
</tag>
<suite>
<stat pass="4" fail="0" skip="0" id="s1" name="Learning-Robot-Appium-Android">Learning-Robot-Appium-Android</stat>
<stat pass="4" fail="0" skip="0" id="s1-s1" name="Step">Learning-Robot-Appium-Android.Step</stat>
<stat pass="4" fail="0" skip="0" id="s1-s1-s1" name="appDietStep">Learning-Robot-Appium-Android.Step.appDietStep</stat>
</suite>
</statistics>
<errors>
<msg timestamp="20230812 03:02:53.399" level="WARN">Keyword 'AppiumLibrary.Tap' is deprecated. Since selenium v4, use `Tap With Positions` keyword.</msg>
<msg timestamp="20230812 03:02:54.260" level="WARN">Multiple tests with name 'As a user i want to open Diet Apps' executed in suite 'Learning-Robot-Appium-Android.Step.appDietStep'.</msg>
<msg timestamp="20230812 03:02:58.783" level="WARN">Keyword 'AppiumLibrary.Tap' is deprecated. Since selenium v4, use `Tap With Positions` keyword.</msg>
<msg timestamp="20230812 03:03:00.181" level="WARN">Multiple tests with name 'As a user i want to open Diet Apps' executed in suite 'Learning-Robot-Appium-Android.Step.appDietStep'.</msg>
<msg timestamp="20230812 03:03:03.970" level="WARN">Keyword 'AppiumLibrary.Tap' is deprecated. Since selenium v4, use `Tap With Positions` keyword.</msg>
<msg timestamp="20230812 03:03:05.339" level="WARN">Multiple tests with name 'As a user i want to open Diet Apps' executed in suite 'Learning-Robot-Appium-Android.Step.appDietStep'.</msg>
<msg timestamp="20230812 03:03:08.634" level="WARN">Keyword 'AppiumLibrary.Tap' is deprecated. Since selenium v4, use `Tap With Positions` keyword.</msg>
<msg timestamp="20230812 03:03:10.151" level="WARN">Keyword 'AppiumLibrary.Quit Application' is deprecated. in selenium v4, check `Close Application` keyword.</msg>
</errors>
</robot>
